<?xml version="1.0" encoding="UTF-8"?>
<!-- Generated by org.testng.reporters.JUnitReportReporter -->
<testsuite hostname="DESKTOP-DILHVN5" failures="0" tests="3" name="AmazonBrowserTest.AmazonTest" time="262.216" errors="0" timestamp="2024-10-08T11:47:10 IST" skipped="0">
  <testcase classname="AmazonBrowserTest.AmazonTest" name="testParallel" time="79.432"/>
  <testcase classname="AmazonBrowserTest.AmazonTest" name="testParallel" time="97.094"/>
  <testcase classname="AmazonBrowserTest.AmazonTest" name="testParallel" time="85.690"/>
</testsuite> <!-- AmazonBrowserTest.AmazonTest -->
