<?xml version="1.0" encoding="UTF-8"?>
<!-- Generated by org.testng.reporters.JUnitReportReporter -->
<testsuite hostname="DESKTOP-DILHVN5" failures="0" tests="3" name="AmazonBrowserTest.AmazonTest" time="172.209" errors="0" timestamp="2024-10-08T12:32:00 IST" skipped="0">
  <testcase classname="AmazonBrowserTest.AmazonTest" name="testParallel" time="68.367"/>
  <testcase classname="AmazonBrowserTest.AmazonTest" name="testParallel" time="47.712"/>
  <testcase classname="AmazonBrowserTest.AmazonTest" name="testParallel" time="56.130"/>
</testsuite> <!-- AmazonBrowserTest.AmazonTest -->
